c:\users\41449\desktop\comp3271\a3\graphics_pa3_release\build\main.dir\debug\vc143.pdb
c:\users\41449\desktop\comp3271\a3\graphics_pa3_release\build\main.dir\debug\main.obj
c:\users\41449\desktop\comp3271\a3\graphics_pa3_release\build\main.dir\debug\scene.obj
c:\users\41449\desktop\comp3271\a3\graphics_pa3_release\build\main.dir\debug\ray.obj
c:\users\41449\desktop\comp3271\a3\graphics_pa3_release\build\main.dir\debug\material.obj
c:\users\41449\desktop\comp3271\a3\graphics_pa3_release\build\main.dir\debug\hittable.obj
c:\users\41449\desktop\comp3271\a3\graphics_pa3_release\build\main.dir\debug\camera.obj
c:\users\41449\desktop\comp3271\a3\graphics_pa3_release\build\main.dir\debug\lodepng.obj
c:\users\41449\desktop\comp3271\a3\graphics_pa3_release\build\cmakefiles\generate.stamp
c:\users\41449\desktop\comp3271\a3\graphics_pa3_release\build\debug\main.exe
c:\users\41449\desktop\comp3271\a3\graphics_pa3_release\build\main.dir\debug\main.ilk
c:\users\41449\desktop\comp3271\a3\graphics_pa3_release\build\debug\main.pdb
c:\users\41449\desktop\comp3271\a3\graphics_pa3_release\build\main.dir\debug\main.tlog\cl.command.1.tlog
c:\users\41449\desktop\comp3271\a3\graphics_pa3_release\build\main.dir\debug\main.tlog\cl.read.1.tlog
c:\users\41449\desktop\comp3271\a3\graphics_pa3_release\build\main.dir\debug\main.tlog\cl.write.1.tlog
c:\users\41449\desktop\comp3271\a3\graphics_pa3_release\build\main.dir\debug\main.tlog\custombuild.command.1.tlog
c:\users\41449\desktop\comp3271\a3\graphics_pa3_release\build\main.dir\debug\main.tlog\custombuild.read.1.tlog
c:\users\41449\desktop\comp3271\a3\graphics_pa3_release\build\main.dir\debug\main.tlog\custombuild.write.1.tlog
c:\users\41449\desktop\comp3271\a3\graphics_pa3_release\build\main.dir\debug\main.tlog\link.command.1.tlog
c:\users\41449\desktop\comp3271\a3\graphics_pa3_release\build\main.dir\debug\main.tlog\link.read.1.tlog
c:\users\41449\desktop\comp3271\a3\graphics_pa3_release\build\main.dir\debug\main.tlog\link.write.1.tlog
